<?xml version="1.0" encoding="UTF-8"?>
<!-- Generated by org.testng.reporters.JUnitReportReporter -->
<testsuite hostname="LIN51006766" failures="0" tests="3" name="com.inetBanking.utilities.Reporting" time="0.015" errors="1" timestamp="15 Feb 2022 14:49:58 GMT" skipped="2">
  <testcase classname="com.inetBanking.utilities.Reporting" name="startReport" time="0.015">
    <error message="Unresolved compilation problems: 
	The method addSystemInfo(String, String) is undefined for the type ExtentReports
	The method addSystemInfo(String, String) is undefined for the type ExtentReports
	The method addSystemInfo(String, String) is undefined for the type ExtentReports
	The method loadConfig(File) is undefined for the type ExtentReports
" type="java.lang.Error">
      <![CDATA[java.lang.Error: Unresolved compilation problems: 
The method addSystemInfo(String, String) is undefined for the type ExtentReports
The method addSystemInfo(String, String) is undefined for the type ExtentReports
The method addSystemInfo(String, String) is undefined for the type ExtentReports
The method loadConfig(File) is undefined for the type ExtentReports

at com.inetBanking.utilities.Reporting.startReport(Reporting.java:27)
at java.base/jdk.internal.reflect.NativeMethodAccessorImpl.invoke0(Native Method)
at java.base/jdk.internal.reflect.NativeMethodAccessorImpl.invoke(NativeMethodAccessorImpl.java:78)
at java.base/jdk.internal.reflect.DelegatingMethodAccessorImpl.invoke(DelegatingMethodAccessorImpl.java:43)
at java.base/java.lang.reflect.Method.invoke(Method.java:567)
at org.testng.internal.MethodInvocationHelper.invokeMethod(MethodInvocationHelper.java:124)
at org.testng.internal.MethodInvocationHelper.invokeMethodConsideringTimeout(MethodInvocationHelper.java:59)
at org.testng.internal.Invoker.invokeConfigurationMethod(Invoker.java:458)
at org.testng.internal.Invoker.invokeConfigurations(Invoker.java:222)
at org.testng.internal.Invoker.invokeConfigurations(Invoker.java:142)
at org.testng.TestRunner.beforeRun(TestRunner.java:529)
at org.testng.TestRunner.run(TestRunner.java:497)
at org.testng.SuiteRunner.runTest(SuiteRunner.java:455)
at org.testng.SuiteRunner.runSequentially(SuiteRunner.java:450)
at org.testng.SuiteRunner.privateRun(SuiteRunner.java:415)
at org.testng.SuiteRunner.run(SuiteRunner.java:364)
at org.testng.SuiteRunnerWorker.runSuite(SuiteRunnerWorker.java:52)
at org.testng.SuiteRunnerWorker.run(SuiteRunnerWorker.java:84)
at org.testng.TestNG.runSuitesSequentially(TestNG.java:1208)
at org.testng.TestNG.runSuitesLocally(TestNG.java:1137)
at org.testng.TestNG.runSuites(TestNG.java:1049)
at org.testng.TestNG.run(TestNG.java:1017)
at org.testng.remote.AbstractRemoteTestNG.run(AbstractRemoteTestNG.java:115)
at org.testng.remote.RemoteTestNG.initAndRun(RemoteTestNG.java:251)
at org.testng.remote.RemoteTestNG.main(RemoteTestNG.java:77)
]]>
    </error>
  </testcase> <!-- startReport -->
  <testcase classname="com.inetBanking.utilities.Reporting" name="demoReportFail" time="0.000">
    <skipped/>
  </testcase> <!-- demoReportFail -->
  <testcase classname="com.inetBanking.utilities.Reporting" name="demoReport" time="0.000">
    <skipped/>
  </testcase> <!-- demoReport -->
</testsuite> <!-- com.inetBanking.utilities.Reporting -->
