<?xml version="1.0" encoding="UTF-8"?>
<!-- Generated by org.testng.reporters.JUnitReportReporter -->
<testsuite hostname="LIN51006766" failures="0" tests="1" name="com.inetBanking.testCases.TC_LoginTest_001" time="2.231" errors="0" timestamp="17 Feb 2022 13:31:37 GMT" skipped="0">
  <testcase classname="com.inetBanking.testCases.TC_LoginTest_001" name="LoginTest" time="2.231"/>
</testsuite> <!-- com.inetBanking.testCases.TC_LoginTest_001 -->
